Running Randomized Search for LR...
Running Randomized Search for LDA...
Running Randomized Search for KNN...
Running Randomized Search for CART...
Running Randomized Search for RF...
Running Randomized Search for GB...
Running Randomized Search for ABC...
0:	learn: 1.0930814	total: 526ms	remaining: 52.1s
1:	learn: 1.0877273	total: 872ms	remaining: 42.7s
2:	learn: 1.0824600	total: 1.21s	remaining: 39s
3:	learn: 1.0773133	total: 1.57s	remaining: 37.7s
4:	learn: 1.0722894	total: 1.94s	remaining: 36.9s
5:	learn: 1.0673662	total: 2.39s	remaining: 37.4s
6:	learn: 1.0625798	total: 2.99s	remaining: 39.8s
7:	learn: 1.0578661	total: 3.56s	remaining: 40.9s
8:	learn: 1.0533087	total: 4.12s	remaining: 41.7s
9:	learn: 1.0488305	total: 4.67s	remaining: 42.1s
10:	learn: 1.0444650	total: 5.22s	remaining: 42.3s
11:	learn: 1.0401993	total: 5.77s	remaining: 42.3s
12:	learn: 1.0360348	total: 6.29s	remaining: 42.1s
13:	learn: 1.0319527	total: 6.83s	remaining: 41.9s
14:	learn: 1.0279427	total: 7.34s	remaining: 41.6s
15:	learn: 1.0240457	total: 7.86s	remaining: 41.3s
16:	learn: 1.0201820	total: 8.39s	remaining: 41s
17:	learn: 1.0164424	total: 8.93s	remaining: 40.7s
18:	learn: 1.0127784	total: 9.5s	remaining: 40.5s
19:	learn: 1.0092002	total: 10.1s	remaining: 40.2s
20:	learn: 1.0056692	total: 10.6s	remaining: 40.1s
21:	learn: 1.0022078	total: 11.2s	remaining: 39.7s
22:	learn: 0.9988173	total: 11.8s	remaining: 39.4s
23:	learn: 0.9955007	total: 12.4s	remaining: 39.1s
24:	learn: 0.9922404	total: 12.9s	remaining: 38.7s
25:	learn: 0.9890610	total: 13.5s	remaining: 38.4s
26:	learn: 0.9859518	total: 14.1s	remaining: 38.1s
27:	learn: 0.9829042	total: 14.7s	remaining: 37.7s
28:	learn: 0.9798920	total: 15.2s	remaining: 37.3s
29:	learn: 0.9769660	total: 15.7s	remaining: 36.7s
30:	learn: 0.9740684	total: 16.3s	remaining: 36.3s
31:	learn: 0.9712551	total: 16.8s	remaining: 35.8s
32:	learn: 0.9684739	total: 17.4s	remaining: 35.2s
33:	learn: 0.9657642	total: 17.9s	remaining: 34.8s
34:	learn: 0.9631101	total: 18.4s	remaining: 34.2s
35:	learn: 0.9604836	total: 19s	remaining: 33.8s
36:	learn: 0.9579110	total: 19.6s	remaining: 33.3s
37:	learn: 0.9553987	total: 20.1s	remaining: 32.8s
38:	learn: 0.9529016	total: 20.7s	remaining: 32.3s
39:	learn: 0.9504654	total: 21.2s	remaining: 31.8s
40:	learn: 0.9480911	total: 21.8s	remaining: 31.3s
41:	learn: 0.9457793	total: 22.3s	remaining: 30.8s
42:	learn: 0.9434728	total: 22.9s	remaining: 30.3s
43:	learn: 0.9412320	total: 23.5s	remaining: 29.9s
44:	learn: 0.9390130	total: 24s	remaining: 29.4s
45:	learn: 0.9368332	total: 24.6s	remaining: 28.9s
46:	learn: 0.9346866	total: 25.2s	remaining: 28.4s
47:	learn: 0.9325982	total: 25.7s	remaining: 27.9s
48:	learn: 0.9305323	total: 26.3s	remaining: 27.4s
49:	learn: 0.9285075	total: 26.8s	remaining: 26.8s
50:	learn: 0.9265042	total: 27.4s	remaining: 26.3s
51:	learn: 0.9245486	total: 27.9s	remaining: 25.8s
52:	learn: 0.9226347	total: 28.4s	remaining: 25.2s
53:	learn: 0.9207421	total: 29s	remaining: 24.7s
54:	learn: 0.9188737	total: 29.5s	remaining: 24.1s
55:	learn: 0.9170392	total: 30s	remaining: 23.6s
56:	learn: 0.9152600	total: 30.6s	remaining: 23.1s
57:	learn: 0.9135081	total: 31.1s	remaining: 22.5s
58:	learn: 0.9118087	total: 31.7s	remaining: 22s
59:	learn: 0.9101159	total: 32.2s	remaining: 21.5s
60:	learn: 0.9084526	total: 32.7s	remaining: 20.9s
61:	learn: 0.9068187	total: 33.2s	remaining: 20.4s
62:	learn: 0.9052125	total: 33.8s	remaining: 19.8s
63:	learn: 0.9036432	total: 34.3s	remaining: 19.3s
64:	learn: 0.9021011	total: 34.9s	remaining: 18.8s
65:	learn: 0.9005889	total: 35.4s	remaining: 18.3s
66:	learn: 0.8990737	total: 36s	remaining: 17.7s
67:	learn: 0.8975911	total: 36.5s	remaining: 17.2s
68:	learn: 0.8961604	total: 37s	remaining: 16.6s
69:	learn: 0.8947398	total: 37.6s	remaining: 16.1s
70:	learn: 0.8933257	total: 38.1s	remaining: 15.6s
71:	learn: 0.8919514	total: 38.6s	remaining: 15s
72:	learn: 0.8906064	total: 39.2s	remaining: 14.5s
73:	learn: 0.8892894	total: 39.8s	remaining: 14s
74:	learn: 0.8879881	total: 40.4s	remaining: 13.5s
75:	learn: 0.8866910	total: 40.9s	remaining: 12.9s
76:	learn: 0.8854378	total: 41.5s	remaining: 12.4s
77:	learn: 0.8841912	total: 42s	remaining: 11.8s
78:	learn: 0.8829674	total: 42.5s	remaining: 11.3s
79:	learn: 0.8817579	total: 43s	remaining: 10.8s
80:	learn: 0.8805740	total: 43.6s	remaining: 10.2s
81:	learn: 0.8793996	total: 44.1s	remaining: 9.69s
82:	learn: 0.8782708	total: 44.7s	remaining: 9.16s
83:	learn: 0.8771413	total: 45.3s	remaining: 8.62s
84:	learn: 0.8760265	total: 45.8s	remaining: 8.08s
85:	learn: 0.8749424	total: 46.3s	remaining: 7.54s
86:	learn: 0.8738592	total: 46.8s	remaining: 7s
87:	learn: 0.8728043	total: 47.4s	remaining: 6.46s
88:	learn: 0.8717666	total: 48s	remaining: 5.93s
89:	learn: 0.8707622	total: 48.5s	remaining: 5.39s
90:	learn: 0.8697567	total: 49.1s	remaining: 4.86s
91:	learn: 0.8687779	total: 49.7s	remaining: 4.32s
92:	learn: 0.8678252	total: 50.2s	remaining: 3.78s
93:	learn: 0.8668516	total: 50.8s	remaining: 3.24s
94:	learn: 0.8659199	total: 51.3s	remaining: 2.7s
95:	learn: 0.8649880	total: 51.9s	remaining: 2.16s
96:	learn: 0.8640779	total: 52.5s	remaining: 1.62s
97:	learn: 0.8631858	total: 53s	remaining: 1.08s
98:	learn: 0.8623020	total: 53.5s	remaining: 541ms
99:	learn: 0.8614316	total: 54.1s	remaining: 0us
0:	learn: 1.0931122	total: 445ms	remaining: 44.1s
1:	learn: 1.0877504	total: 796ms	remaining: 39s
2:	learn: 1.0824629	total: 1.12s	remaining: 36.3s
3:	learn: 1.0773332	total: 1.47s	remaining: 35.4s
4:	learn: 1.0723358	total: 1.82s	remaining: 34.6s
5:	learn: 1.0674318	total: 2.18s	remaining: 34.2s
6:	learn: 1.0626309	total: 2.79s	remaining: 37s
7:	learn: 1.0579176	total: 3.37s	remaining: 38.7s
8:	learn: 1.0533605	total: 3.93s	remaining: 39.7s
9:	learn: 1.0489105	total: 4.44s	remaining: 39.9s
10:	learn: 1.0445416	total: 4.98s	remaining: 40.3s
11:	learn: 1.0402640	total: 5.51s	remaining: 40.4s
12:	learn: 1.0360952	total: 6.06s	remaining: 40.5s
13:	learn: 1.0320129	total: 6.62s	remaining: 40.6s
14:	learn: 1.0280004	total: 7.19s	remaining: 40.8s
15:	learn: 1.0241041	total: 7.72s	remaining: 40.6s
16:	learn: 1.0202474	total: 8.25s	remaining: 40.3s
17:	learn: 1.0165089	total: 8.81s	remaining: 40.1s
18:	learn: 1.0128456	total: 9.35s	remaining: 39.9s
19:	learn: 1.0092509	total: 9.91s	remaining: 39.6s
20:	learn: 1.0057179	total: 10.4s	remaining: 39.2s
21:	learn: 1.0022635	total: 11s	remaining: 38.9s
22:	learn: 0.9988745	total: 11.5s	remaining: 38.6s
23:	learn: 0.9955580	total: 12s	remaining: 38.2s
24:	learn: 0.9923084	total: 12.6s	remaining: 37.9s
25:	learn: 0.9891254	total: 13.2s	remaining: 37.5s
26:	learn: 0.9860091	total: 13.7s	remaining: 37.2s
27:	learn: 0.9829488	total: 14.3s	remaining: 36.7s
28:	learn: 0.9799369	total: 14.8s	remaining: 36.3s
29:	learn: 0.9770092	total: 15.4s	remaining: 35.9s
30:	learn: 0.9741089	total: 15.9s	remaining: 35.4s
31:	learn: 0.9712967	total: 16.4s	remaining: 34.9s
32:	learn: 0.9685130	total: 17s	remaining: 34.5s
33:	learn: 0.9657988	total: 17.6s	remaining: 34.2s
34:	learn: 0.9631428	total: 18.1s	remaining: 33.7s
35:	learn: 0.9605037	total: 18.7s	remaining: 33.3s
36:	learn: 0.9579345	total: 19.3s	remaining: 32.8s
37:	learn: 0.9554190	total: 19.8s	remaining: 32.3s
38:	learn: 0.9529235	total: 20.4s	remaining: 31.9s
39:	learn: 0.9504829	total: 21s	remaining: 31.4s
40:	learn: 0.9481112	total: 21.5s	remaining: 30.9s
41:	learn: 0.9457877	total: 22.1s	remaining: 30.5s
42:	learn: 0.9434783	total: 22.6s	remaining: 30s
43:	learn: 0.9412163	total: 23.2s	remaining: 29.5s
44:	learn: 0.9390016	total: 23.8s	remaining: 29s
45:	learn: 0.9368488	total: 24.3s	remaining: 28.6s
46:	learn: 0.9347023	total: 24.9s	remaining: 28.1s
47:	learn: 0.9326132	total: 25.4s	remaining: 27.5s
48:	learn: 0.9305453	total: 25.9s	remaining: 27s
49:	learn: 0.9285085	total: 26.5s	remaining: 26.5s
50:	learn: 0.9265183	total: 27.1s	remaining: 26s
51:	learn: 0.9245630	total: 27.6s	remaining: 25.5s
52:	learn: 0.9226219	total: 28.2s	remaining: 25s
53:	learn: 0.9207349	total: 28.7s	remaining: 24.4s
54:	learn: 0.9188732	total: 29.3s	remaining: 24s
55:	learn: 0.9170402	total: 29.8s	remaining: 23.4s
56:	learn: 0.9152615	total: 30.4s	remaining: 22.9s
57:	learn: 0.9135185	total: 30.9s	remaining: 22.4s
58:	learn: 0.9118009	total: 31.5s	remaining: 21.9s
59:	learn: 0.9100899	total: 32s	remaining: 21.4s
60:	learn: 0.9084190	total: 32.6s	remaining: 20.9s
61:	learn: 0.9067762	total: 33.1s	remaining: 20.3s
62:	learn: 0.9051683	total: 33.7s	remaining: 19.8s
63:	learn: 0.9036053	total: 34.2s	remaining: 19.2s
64:	learn: 0.9020607	total: 34.8s	remaining: 18.7s
65:	learn: 0.9005488	total: 35.4s	remaining: 18.2s
66:	learn: 0.8990477	total: 35.9s	remaining: 17.7s
67:	learn: 0.8975555	total: 36.5s	remaining: 17.2s
68:	learn: 0.8961182	total: 37.1s	remaining: 16.7s
69:	learn: 0.8946948	total: 37.6s	remaining: 16.1s
70:	learn: 0.8932886	total: 38.2s	remaining: 15.6s
71:	learn: 0.8919095	total: 38.7s	remaining: 15s
72:	learn: 0.8905637	total: 39.2s	remaining: 14.5s
73:	learn: 0.8892375	total: 39.8s	remaining: 14s
74:	learn: 0.8879287	total: 40.3s	remaining: 13.4s
75:	learn: 0.8866465	total: 40.9s	remaining: 12.9s
76:	learn: 0.8853881	total: 41.4s	remaining: 12.4s
77:	learn: 0.8841337	total: 41.9s	remaining: 11.8s
78:	learn: 0.8829030	total: 42.5s	remaining: 11.3s
79:	learn: 0.8816947	total: 43.1s	remaining: 10.8s
80:	learn: 0.8805016	total: 43.6s	remaining: 10.2s
81:	learn: 0.8793370	total: 44.2s	remaining: 9.7s
82:	learn: 0.8781969	total: 44.7s	remaining: 9.16s
83:	learn: 0.8770645	total: 45.3s	remaining: 8.63s
84:	learn: 0.8759501	total: 45.8s	remaining: 8.09s
85:	learn: 0.8748669	total: 46.4s	remaining: 7.55s
86:	learn: 0.8737975	total: 47s	remaining: 7.02s
87:	learn: 0.8727320	total: 47.5s	remaining: 6.48s
88:	learn: 0.8717194	total: 48.1s	remaining: 5.95s
89:	learn: 0.8707111	total: 48.6s	remaining: 5.4s
90:	learn: 0.8697073	total: 49.2s	remaining: 4.87s
91:	learn: 0.8687222	total: 49.8s	remaining: 4.33s
92:	learn: 0.8677473	total: 50.3s	remaining: 3.79s
93:	learn: 0.8667776	total: 51s	remaining: 3.25s
94:	learn: 0.8658451	total: 51.5s	remaining: 2.71s
95:	learn: 0.8649155	total: 52.1s	remaining: 2.17s
96:	learn: 0.8639956	total: 52.6s	remaining: 1.63s
97:	learn: 0.8631132	total: 53.2s	remaining: 1.09s
98:	learn: 0.8622312	total: 53.8s	remaining: 543ms
99:	learn: 0.8613743	total: 54.3s	remaining: 0us
0:	learn: 1.0930710	total: 465ms	remaining: 46s
1:	learn: 1.0877088	total: 839ms	remaining: 41.1s
2:	learn: 1.0824177	total: 1.17s	remaining: 38s
3:	learn: 1.0772876	total: 1.52s	remaining: 36.6s
4:	learn: 1.0722681	total: 1.86s	remaining: 35.3s
5:	learn: 1.0673884	total: 2.25s	remaining: 35.2s
6:	learn: 1.0626230	total: 2.86s	remaining: 38s
7:	learn: 1.0579355	total: 3.44s	remaining: 39.5s
8:	learn: 1.0533714	total: 3.99s	remaining: 40.4s
9:	learn: 1.0488884	total: 4.57s	remaining: 41.1s
10:	learn: 1.0445142	total: 5.11s	remaining: 41.4s
11:	learn: 1.0402483	total: 5.68s	remaining: 41.6s
12:	learn: 1.0360779	total: 6.24s	remaining: 41.8s
13:	learn: 1.0320014	total: 6.82s	remaining: 41.9s
14:	learn: 1.0279961	total: 7.38s	remaining: 41.8s
15:	learn: 1.0240892	total: 7.94s	remaining: 41.7s
16:	learn: 1.0202261	total: 8.46s	remaining: 41.3s
17:	learn: 1.0164794	total: 9.01s	remaining: 41.1s
18:	learn: 1.0128169	total: 9.54s	remaining: 40.7s
19:	learn: 1.0092264	total: 10s	remaining: 40.1s
20:	learn: 1.0056955	total: 10.6s	remaining: 40s
21:	learn: 1.0022506	total: 11.2s	remaining: 39.7s
22:	learn: 0.9988784	total: 11.7s	remaining: 39.3s
23:	learn: 0.9955581	total: 12.3s	remaining: 39.1s
24:	learn: 0.9922952	total: 12.8s	remaining: 38.5s
25:	learn: 0.9890938	total: 13.4s	remaining: 38.2s
26:	learn: 0.9859964	total: 13.9s	remaining: 37.6s
27:	learn: 0.9829290	total: 14.5s	remaining: 37.2s
28:	learn: 0.9799169	total: 15s	remaining: 36.7s
29:	learn: 0.9769795	total: 15.6s	remaining: 36.3s
30:	learn: 0.9740762	total: 16.1s	remaining: 35.9s
31:	learn: 0.9712564	total: 16.7s	remaining: 35.4s
32:	learn: 0.9684684	total: 17.2s	remaining: 35s
33:	learn: 0.9657501	total: 17.8s	remaining: 34.5s
34:	learn: 0.9630937	total: 18.3s	remaining: 34s
35:	learn: 0.9604601	total: 18.9s	remaining: 33.6s
36:	learn: 0.9578814	total: 19.4s	remaining: 33.1s
37:	learn: 0.9553596	total: 19.9s	remaining: 32.5s
38:	learn: 0.9528672	total: 20.5s	remaining: 32.1s
39:	learn: 0.9504245	total: 21s	remaining: 31.6s
40:	learn: 0.9480244	total: 21.6s	remaining: 31.1s
41:	learn: 0.9456866	total: 22.2s	remaining: 30.6s
42:	learn: 0.9433833	total: 22.7s	remaining: 30.2s
43:	learn: 0.9411346	total: 23.3s	remaining: 29.6s
44:	learn: 0.9389255	total: 23.8s	remaining: 29.1s
45:	learn: 0.9367539	total: 24.4s	remaining: 28.7s
46:	learn: 0.9346017	total: 25s	remaining: 28.2s
47:	learn: 0.9325165	total: 25.5s	remaining: 27.7s
48:	learn: 0.9304519	total: 26.1s	remaining: 27.1s
49:	learn: 0.9284321	total: 26.6s	remaining: 26.6s
50:	learn: 0.9264230	total: 27.2s	remaining: 26.1s
51:	learn: 0.9244531	total: 27.7s	remaining: 25.6s
52:	learn: 0.9225410	total: 28.3s	remaining: 25.1s
53:	learn: 0.9206691	total: 28.8s	remaining: 24.6s
54:	learn: 0.9188263	total: 29.4s	remaining: 24s
55:	learn: 0.9170084	total: 29.9s	remaining: 23.5s
56:	learn: 0.9152236	total: 30.5s	remaining: 23s
57:	learn: 0.9134604	total: 31s	remaining: 22.5s
58:	learn: 0.9117394	total: 31.6s	remaining: 21.9s
59:	learn: 0.9100286	total: 32.1s	remaining: 21.4s
60:	learn: 0.9083542	total: 32.7s	remaining: 20.9s
61:	learn: 0.9067089	total: 33.2s	remaining: 20.4s
62:	learn: 0.9050970	total: 33.8s	remaining: 19.8s
63:	learn: 0.9035264	total: 34.4s	remaining: 19.3s
64:	learn: 0.9019859	total: 34.9s	remaining: 18.8s
65:	learn: 0.9004403	total: 35.5s	remaining: 18.3s
66:	learn: 0.8989255	total: 36.1s	remaining: 17.8s
67:	learn: 0.8974639	total: 36.7s	remaining: 17.3s
68:	learn: 0.8960317	total: 37.2s	remaining: 16.7s
69:	learn: 0.8946151	total: 37.8s	remaining: 16.2s
70:	learn: 0.8932039	total: 38.4s	remaining: 15.7s
71:	learn: 0.8918108	total: 38.9s	remaining: 15.1s
72:	learn: 0.8904626	total: 39.4s	remaining: 14.6s
73:	learn: 0.8891468	total: 40s	remaining: 14.1s
74:	learn: 0.8878344	total: 40.6s	remaining: 13.5s
75:	learn: 0.8865379	total: 41.2s	remaining: 13s
76:	learn: 0.8852669	total: 41.7s	remaining: 12.4s
77:	learn: 0.8840016	total: 42.2s	remaining: 11.9s
78:	learn: 0.8827724	total: 42.8s	remaining: 11.4s
79:	learn: 0.8815680	total: 43.3s	remaining: 10.8s
80:	learn: 0.8803769	total: 43.9s	remaining: 10.3s
81:	learn: 0.8792053	total: 44.5s	remaining: 9.76s
82:	learn: 0.8780598	total: 45s	remaining: 9.21s
83:	learn: 0.8769278	total: 45.6s	remaining: 8.68s
84:	learn: 0.8758299	total: 46.2s	remaining: 8.14s
85:	learn: 0.8747357	total: 46.7s	remaining: 7.6s
86:	learn: 0.8736457	total: 47.3s	remaining: 7.06s
87:	learn: 0.8725825	total: 47.8s	remaining: 6.52s
88:	learn: 0.8715614	total: 48.3s	remaining: 5.97s
89:	learn: 0.8705411	total: 48.9s	remaining: 5.43s
90:	learn: 0.8695392	total: 49.5s	remaining: 4.89s
91:	learn: 0.8685528	total: 50.1s	remaining: 4.36s
92:	learn: 0.8675914	total: 50.6s	remaining: 3.81s
93:	learn: 0.8666332	total: 51.2s	remaining: 3.27s
94:	learn: 0.8657011	total: 51.8s	remaining: 2.73s
95:	learn: 0.8647751	total: 52.3s	remaining: 2.18s
96:	learn: 0.8638528	total: 52.9s	remaining: 1.63s
97:	learn: 0.8629719	total: 53.4s	remaining: 1.09s
98:	learn: 0.8620969	total: 54s	remaining: 545ms
99:	learn: 0.8612261	total: 54.5s	remaining: 0us
0:	learn: 1.0930951	total: 419ms	remaining: 41.5s
1:	learn: 1.0877504	total: 769ms	remaining: 37.7s
2:	learn: 1.0824789	total: 1.1s	remaining: 35.5s
3:	learn: 1.0773777	total: 1.47s	remaining: 35.3s
4:	learn: 1.0723875	total: 1.84s	remaining: 35s
5:	learn: 1.0675309	total: 2.28s	remaining: 35.7s
6:	learn: 1.0627402	total: 2.83s	remaining: 37.6s
7:	learn: 1.0580436	total: 3.45s	remaining: 39.7s
8:	learn: 1.0535002	total: 4.05s	remaining: 41s
9:	learn: 1.0490600	total: 4.62s	remaining: 41.6s
10:	learn: 1.0447007	total: 5.14s	remaining: 41.6s
11:	learn: 1.0404293	total: 5.68s	remaining: 41.7s
12:	learn: 1.0362703	total: 6.24s	remaining: 41.8s
13:	learn: 1.0321951	total: 6.79s	remaining: 41.7s
14:	learn: 1.0282022	total: 7.34s	remaining: 41.6s
15:	learn: 1.0243043	total: 7.85s	remaining: 41.2s
16:	learn: 1.0204419	total: 8.39s	remaining: 41s
17:	learn: 1.0167098	total: 8.98s	remaining: 40.9s
18:	learn: 1.0130500	total: 9.52s	remaining: 40.6s
19:	learn: 1.0094579	total: 10.1s	remaining: 40.4s
20:	learn: 1.0059492	total: 10.7s	remaining: 40.2s
21:	learn: 1.0024678	total: 11.2s	remaining: 39.8s
22:	learn: 0.9990866	total: 11.7s	remaining: 39.3s
23:	learn: 0.9957871	total: 12.3s	remaining: 38.9s
24:	learn: 0.9925255	total: 12.9s	remaining: 38.6s
25:	learn: 0.9893515	total: 13.4s	remaining: 38.1s
26:	learn: 0.9862388	total: 13.9s	remaining: 37.6s
27:	learn: 0.9831841	total: 14.5s	remaining: 37.3s
28:	learn: 0.9801771	total: 15.1s	remaining: 37s
29:	learn: 0.9772523	total: 15.6s	remaining: 36.5s
30:	learn: 0.9743559	total: 16.2s	remaining: 36s
31:	learn: 0.9715418	total: 16.8s	remaining: 35.6s
32:	learn: 0.9687590	total: 17.3s	remaining: 35.2s
33:	learn: 0.9660569	total: 17.9s	remaining: 34.7s
34:	learn: 0.9634033	total: 18.4s	remaining: 34.1s
35:	learn: 0.9607739	total: 18.9s	remaining: 33.7s
36:	learn: 0.9582305	total: 19.5s	remaining: 33.3s
37:	learn: 0.9557241	total: 20.1s	remaining: 32.8s
38:	learn: 0.9532294	total: 20.7s	remaining: 32.3s
39:	learn: 0.9507928	total: 21.3s	remaining: 31.9s
40:	learn: 0.9484273	total: 21.8s	remaining: 31.4s
41:	learn: 0.9461146	total: 22.4s	remaining: 30.9s
42:	learn: 0.9438117	total: 22.9s	remaining: 30.4s
43:	learn: 0.9415793	total: 23.5s	remaining: 30s
44:	learn: 0.9393538	total: 24.1s	remaining: 29.4s
45:	learn: 0.9371870	total: 24.6s	remaining: 28.9s
46:	learn: 0.9350586	total: 25.2s	remaining: 28.4s
47:	learn: 0.9329740	total: 25.7s	remaining: 27.8s
48:	learn: 0.9309104	total: 26.2s	remaining: 27.3s
49:	learn: 0.9288966	total: 26.8s	remaining: 26.8s
50:	learn: 0.9269090	total: 27.3s	remaining: 26.2s
51:	learn: 0.9249520	total: 27.8s	remaining: 25.7s
52:	learn: 0.9230297	total: 28.3s	remaining: 25.1s
53:	learn: 0.9211431	total: 28.9s	remaining: 24.6s
54:	learn: 0.9192955	total: 29.5s	remaining: 24.1s
55:	learn: 0.9174637	total: 30.1s	remaining: 23.6s
56:	learn: 0.9156881	total: 30.7s	remaining: 23.1s
57:	learn: 0.9139286	total: 31.2s	remaining: 22.6s
58:	learn: 0.9122188	total: 31.7s	remaining: 22s
59:	learn: 0.9105361	total: 32.2s	remaining: 21.5s
60:	learn: 0.9088683	total: 32.8s	remaining: 21s
61:	learn: 0.9072300	total: 33.4s	remaining: 20.5s
62:	learn: 0.9056250	total: 33.9s	remaining: 19.9s
63:	learn: 0.9040585	total: 34.5s	remaining: 19.4s
64:	learn: 0.9025187	total: 35s	remaining: 18.8s
65:	learn: 0.9009954	total: 35.6s	remaining: 18.3s
66:	learn: 0.8994932	total: 36.1s	remaining: 17.8s
67:	learn: 0.8980104	total: 36.7s	remaining: 17.3s
68:	learn: 0.8965826	total: 37.3s	remaining: 16.7s
69:	learn: 0.8951667	total: 37.9s	remaining: 16.2s
70:	learn: 0.8937613	total: 38.5s	remaining: 15.7s
71:	learn: 0.8923861	total: 39.1s	remaining: 15.2s
72:	learn: 0.8910354	total: 39.7s	remaining: 14.7s
73:	learn: 0.8897217	total: 40.3s	remaining: 14.1s
74:	learn: 0.8884264	total: 40.8s	remaining: 13.6s
75:	learn: 0.8871351	total: 41.4s	remaining: 13.1s
76:	learn: 0.8858815	total: 41.9s	remaining: 12.5s
77:	learn: 0.8846366	total: 42.5s	remaining: 12s
78:	learn: 0.8834018	total: 43s	remaining: 11.4s
79:	learn: 0.8821725	total: 43.5s	remaining: 10.9s
80:	learn: 0.8809845	total: 44.1s	remaining: 10.3s
81:	learn: 0.8798193	total: 44.6s	remaining: 9.8s
82:	learn: 0.8786918	total: 45.2s	remaining: 9.26s
83:	learn: 0.8775662	total: 45.7s	remaining: 8.71s
84:	learn: 0.8764575	total: 46.3s	remaining: 8.18s
85:	learn: 0.8753738	total: 46.9s	remaining: 7.63s
86:	learn: 0.8743106	total: 47.4s	remaining: 7.08s
87:	learn: 0.8732517	total: 48s	remaining: 6.54s
88:	learn: 0.8722164	total: 48.5s	remaining: 6s
89:	learn: 0.8712026	total: 49.1s	remaining: 5.46s
90:	learn: 0.8701985	total: 49.7s	remaining: 4.91s
91:	learn: 0.8692186	total: 50.2s	remaining: 4.37s
92:	learn: 0.8682613	total: 50.8s	remaining: 3.82s
93:	learn: 0.8672925	total: 51.3s	remaining: 3.27s
94:	learn: 0.8663555	total: 51.9s	remaining: 2.73s
95:	learn: 0.8654309	total: 52.5s	remaining: 2.19s
96:	learn: 0.8645217	total: 53s	remaining: 1.64s
97:	learn: 0.8636298	total: 53.5s	remaining: 1.09s
98:	learn: 0.8627426	total: 54.1s	remaining: 547ms
99:	learn: 0.8618849	total: 54.6s	remaining: 0us
0:	learn: 1.0930788	total: 557ms	remaining: 55.1s
1:	learn: 1.0877305	total: 916ms	remaining: 44.9s
2:	learn: 1.0824636	total: 1.24s	remaining: 40.2s
3:	learn: 1.0773586	total: 1.59s	remaining: 38.2s
4:	learn: 1.0723757	total: 1.93s	remaining: 36.6s
5:	learn: 1.0674833	total: 2.43s	remaining: 38.1s
6:	learn: 1.0626840	total: 3.04s	remaining: 40.4s
7:	learn: 1.0579731	total: 3.65s	remaining: 42s
8:	learn: 1.0534124	total: 4.2s	remaining: 42.5s
9:	learn: 1.0489797	total: 4.78s	remaining: 43s
10:	learn: 1.0446107	total: 5.31s	remaining: 43s
11:	learn: 1.0403472	total: 5.85s	remaining: 42.9s
12:	learn: 1.0361827	total: 6.37s	remaining: 42.7s
13:	learn: 1.0320969	total: 6.96s	remaining: 42.7s
14:	learn: 1.0280812	total: 7.55s	remaining: 42.8s
15:	learn: 1.0241708	total: 8.12s	remaining: 42.6s
16:	learn: 1.0203074	total: 8.7s	remaining: 42.5s
17:	learn: 1.0165687	total: 9.27s	remaining: 42.2s
18:	learn: 1.0129044	total: 9.81s	remaining: 41.8s
19:	learn: 1.0093091	total: 10.3s	remaining: 41.3s
20:	learn: 1.0057944	total: 10.9s	remaining: 41s
21:	learn: 1.0023210	total: 11.4s	remaining: 40.5s
22:	learn: 0.9989323	total: 11.9s	remaining: 40s
23:	learn: 0.9956268	total: 12.5s	remaining: 39.6s
24:	learn: 0.9923628	total: 13.1s	remaining: 39.2s
25:	learn: 0.9891866	total: 13.6s	remaining: 38.7s
26:	learn: 0.9860718	total: 14.2s	remaining: 38.4s
27:	learn: 0.9830129	total: 14.8s	remaining: 38s
28:	learn: 0.9800361	total: 15.3s	remaining: 37.5s
29:	learn: 0.9771234	total: 15.9s	remaining: 37.1s
30:	learn: 0.9742234	total: 16.4s	remaining: 36.6s
31:	learn: 0.9714057	total: 16.9s	remaining: 36s
32:	learn: 0.9686250	total: 17.5s	remaining: 35.5s
33:	learn: 0.9659228	total: 18s	remaining: 35s
34:	learn: 0.9632551	total: 18.6s	remaining: 34.6s
35:	learn: 0.9606415	total: 19.2s	remaining: 34.1s
36:	learn: 0.9580938	total: 19.7s	remaining: 33.5s
37:	learn: 0.9555756	total: 20.2s	remaining: 33s
38:	learn: 0.9530792	total: 20.9s	remaining: 32.6s
39:	learn: 0.9506432	total: 21.5s	remaining: 32.2s
40:	learn: 0.9482605	total: 22s	remaining: 31.7s
41:	learn: 0.9459345	total: 22.6s	remaining: 31.2s
42:	learn: 0.9436220	total: 23.1s	remaining: 30.7s
43:	learn: 0.9413778	total: 23.7s	remaining: 30.2s
44:	learn: 0.9391640	total: 24.3s	remaining: 29.7s
45:	learn: 0.9370151	total: 24.9s	remaining: 29.2s
46:	learn: 0.9348820	total: 25.4s	remaining: 28.6s
47:	learn: 0.9327922	total: 26s	remaining: 28.2s
48:	learn: 0.9307176	total: 26.6s	remaining: 27.6s
49:	learn: 0.9287068	total: 27.1s	remaining: 27.1s
50:	learn: 0.9267040	total: 27.6s	remaining: 26.5s
51:	learn: 0.9247571	total: 28.2s	remaining: 26s
52:	learn: 0.9228214	total: 28.7s	remaining: 25.5s
53:	learn: 0.9209371	total: 29.3s	remaining: 24.9s
54:	learn: 0.9190785	total: 29.8s	remaining: 24.4s
55:	learn: 0.9172450	total: 30.3s	remaining: 23.8s
56:	learn: 0.9154652	total: 30.8s	remaining: 23.3s
57:	learn: 0.9137160	total: 31.4s	remaining: 22.8s
58:	learn: 0.9120107	total: 32s	remaining: 22.2s
59:	learn: 0.9103222	total: 32.5s	remaining: 21.7s
60:	learn: 0.9086536	total: 33s	remaining: 21.1s
61:	learn: 0.9070123	total: 33.6s	remaining: 20.6s
62:	learn: 0.9054061	total: 34.1s	remaining: 20s
63:	learn: 0.9038357	total: 34.6s	remaining: 19.5s
64:	learn: 0.9022987	total: 35.3s	remaining: 19s
65:	learn: 0.9007871	total: 35.9s	remaining: 18.5s
66:	learn: 0.8992837	total: 36.4s	remaining: 18s
67:	learn: 0.8978082	total: 37.1s	remaining: 17.4s
68:	learn: 0.8963716	total: 37.6s	remaining: 16.9s
69:	learn: 0.8949450	total: 38.1s	remaining: 16.3s
70:	learn: 0.8935385	total: 38.7s	remaining: 15.8s
71:	learn: 0.8921594	total: 39.2s	remaining: 15.3s
72:	learn: 0.8908241	total: 39.8s	remaining: 14.7s
73:	learn: 0.8895073	total: 40.3s	remaining: 14.2s
74:	learn: 0.8881967	total: 40.9s	remaining: 13.6s
75:	learn: 0.8868980	total: 41.5s	remaining: 13.1s
76:	learn: 0.8856315	total: 42s	remaining: 12.5s
77:	learn: 0.8843870	total: 42.6s	remaining: 12s
78:	learn: 0.8831531	total: 43.2s	remaining: 11.5s
79:	learn: 0.8819413	total: 43.7s	remaining: 10.9s
80:	learn: 0.8807583	total: 44.2s	remaining: 10.4s
81:	learn: 0.8795857	total: 44.8s	remaining: 9.84s
82:	learn: 0.8784498	total: 45.4s	remaining: 9.3s
83:	learn: 0.8773218	total: 46s	remaining: 8.75s
84:	learn: 0.8762120	total: 46.5s	remaining: 8.21s
85:	learn: 0.8751272	total: 47.1s	remaining: 7.67s
86:	learn: 0.8740387	total: 47.7s	remaining: 7.12s
87:	learn: 0.8729751	total: 48.2s	remaining: 6.57s
88:	learn: 0.8719617	total: 48.8s	remaining: 6.03s
89:	learn: 0.8709548	total: 49.3s	remaining: 5.48s
90:	learn: 0.8699536	total: 49.9s	remaining: 4.93s
91:	learn: 0.8689578	total: 50.4s	remaining: 4.38s
92:	learn: 0.8679844	total: 50.9s	remaining: 3.83s
93:	learn: 0.8670112	total: 51.4s	remaining: 3.28s
94:	learn: 0.8660733	total: 52s	remaining: 2.73s
95:	learn: 0.8651488	total: 52.5s	remaining: 2.19s
96:	learn: 0.8642421	total: 53.1s	remaining: 1.64s
97:	learn: 0.8633606	total: 53.6s	remaining: 1.09s
98:	learn: 0.8624745	total: 54.2s	remaining: 547ms
99:	learn: 0.8616035	total: 54.7s	remaining: 0us
Running Randomized Search for CB...
0:	learn: 1.0930934	total: 286ms	remaining: 28.4s
1:	learn: 1.0877437	total: 427ms	remaining: 20.9s
2:	learn: 1.0824663	total: 556ms	remaining: 18s
3:	learn: 1.0773181	total: 704ms	remaining: 16.9s
4:	learn: 1.0723208	total: 834ms	remaining: 15.9s
5:	learn: 1.0674483	total: 963ms	remaining: 15.1s
6:	learn: 1.0626798	total: 1.09s	remaining: 14.5s
7:	learn: 1.0579749	total: 1.22s	remaining: 14s
8:	learn: 1.0534072	total: 1.35s	remaining: 13.7s
9:	learn: 1.0489312	total: 1.48s	remaining: 13.3s
10:	learn: 1.0445801	total: 1.61s	remaining: 13s
11:	learn: 1.0403452	total: 1.74s	remaining: 12.7s
12:	learn: 1.0361701	total: 1.86s	remaining: 12.5s
13:	learn: 1.0320895	total: 2s	remaining: 12.3s
14:	learn: 1.0280713	total: 2.12s	remaining: 12s
15:	learn: 1.0241760	total: 2.25s	remaining: 11.8s
16:	learn: 1.0203255	total: 2.38s	remaining: 11.6s
17:	learn: 1.0165663	total: 2.51s	remaining: 11.4s
18:	learn: 1.0129047	total: 2.64s	remaining: 11.3s
19:	learn: 1.0093242	total: 2.77s	remaining: 11.1s
20:	learn: 1.0058115	total: 2.89s	remaining: 10.9s
21:	learn: 1.0023588	total: 3.02s	remaining: 10.7s
22:	learn: 0.9989723	total: 3.16s	remaining: 10.6s
23:	learn: 0.9956543	total: 3.29s	remaining: 10.4s
24:	learn: 0.9923877	total: 3.42s	remaining: 10.3s
25:	learn: 0.9892021	total: 3.55s	remaining: 10.1s
26:	learn: 0.9860876	total: 3.68s	remaining: 9.94s
27:	learn: 0.9830275	total: 3.81s	remaining: 9.79s
28:	learn: 0.9800080	total: 3.94s	remaining: 9.64s
29:	learn: 0.9770781	total: 4.07s	remaining: 9.49s
30:	learn: 0.9741942	total: 4.19s	remaining: 9.34s
31:	learn: 0.9713711	total: 4.32s	remaining: 9.19s
32:	learn: 0.9685870	total: 4.45s	remaining: 9.04s
33:	learn: 0.9658876	total: 4.58s	remaining: 8.89s
34:	learn: 0.9632359	total: 4.71s	remaining: 8.75s
35:	learn: 0.9606210	total: 4.84s	remaining: 8.6s
36:	learn: 0.9580723	total: 4.96s	remaining: 8.45s
37:	learn: 0.9555558	total: 5.09s	remaining: 8.31s
38:	learn: 0.9530706	total: 5.22s	remaining: 8.16s
39:	learn: 0.9506378	total: 5.35s	remaining: 8.03s
40:	learn: 0.9482647	total: 5.48s	remaining: 7.89s
41:	learn: 0.9459425	total: 5.61s	remaining: 7.75s
42:	learn: 0.9436370	total: 5.74s	remaining: 7.6s
43:	learn: 0.9413790	total: 5.86s	remaining: 7.46s
44:	learn: 0.9391630	total: 5.99s	remaining: 7.32s
45:	learn: 0.9370144	total: 6.12s	remaining: 7.18s
46:	learn: 0.9348737	total: 6.25s	remaining: 7.04s
47:	learn: 0.9327801	total: 6.37s	remaining: 6.9s
48:	learn: 0.9307099	total: 6.5s	remaining: 6.77s
49:	learn: 0.9286913	total: 6.63s	remaining: 6.63s
50:	learn: 0.9267030	total: 6.76s	remaining: 6.5s
51:	learn: 0.9247509	total: 6.89s	remaining: 6.36s
52:	learn: 0.9228264	total: 7.02s	remaining: 6.22s
53:	learn: 0.9209271	total: 7.15s	remaining: 6.09s
54:	learn: 0.9190729	total: 7.28s	remaining: 5.95s
55:	learn: 0.9172616	total: 7.41s	remaining: 5.82s
56:	learn: 0.9154820	total: 7.54s	remaining: 5.69s
57:	learn: 0.9137372	total: 7.67s	remaining: 5.55s
58:	learn: 0.9120367	total: 7.8s	remaining: 5.42s
59:	learn: 0.9103323	total: 7.93s	remaining: 5.29s
60:	learn: 0.9086721	total: 8.06s	remaining: 5.15s
61:	learn: 0.9070373	total: 8.18s	remaining: 5.02s
62:	learn: 0.9054395	total: 8.31s	remaining: 4.88s
63:	learn: 0.9038696	total: 8.44s	remaining: 4.75s
64:	learn: 0.9023293	total: 8.58s	remaining: 4.62s
65:	learn: 0.9008089	total: 8.71s	remaining: 4.49s
66:	learn: 0.8992959	total: 8.84s	remaining: 4.35s
67:	learn: 0.8978103	total: 8.97s	remaining: 4.22s
68:	learn: 0.8963702	total: 9.1s	remaining: 4.09s
69:	learn: 0.8949530	total: 9.22s	remaining: 3.95s
70:	learn: 0.8935492	total: 9.35s	remaining: 3.82s
71:	learn: 0.8921680	total: 9.48s	remaining: 3.69s
72:	learn: 0.8908113	total: 9.61s	remaining: 3.55s
73:	learn: 0.8894934	total: 9.74s	remaining: 3.42s
74:	learn: 0.8881945	total: 9.87s	remaining: 3.29s
75:	learn: 0.8869019	total: 10s	remaining: 3.16s
76:	learn: 0.8856276	total: 10.1s	remaining: 3.02s
77:	learn: 0.8843861	total: 10.2s	remaining: 2.89s
78:	learn: 0.8831517	total: 10.4s	remaining: 2.76s
79:	learn: 0.8819414	total: 10.5s	remaining: 2.63s
80:	learn: 0.8807550	total: 10.6s	remaining: 2.49s
81:	learn: 0.8795868	total: 10.8s	remaining: 2.36s
82:	learn: 0.8784414	total: 10.9s	remaining: 2.23s
83:	learn: 0.8773119	total: 11s	remaining: 2.1s
84:	learn: 0.8762056	total: 11.1s	remaining: 1.97s
85:	learn: 0.8751149	total: 11.3s	remaining: 1.83s
86:	learn: 0.8740565	total: 11.4s	remaining: 1.7s
87:	learn: 0.8729902	total: 11.5s	remaining: 1.57s
88:	learn: 0.8719666	total: 11.7s	remaining: 1.44s
89:	learn: 0.8709551	total: 11.8s	remaining: 1.31s
90:	learn: 0.8699525	total: 11.9s	remaining: 1.18s
91:	learn: 0.8689632	total: 12s	remaining: 1.05s
92:	learn: 0.8679978	total: 12.2s	remaining: 916ms
93:	learn: 0.8670387	total: 12.3s	remaining: 785ms
94:	learn: 0.8660964	total: 12.4s	remaining: 654ms
95:	learn: 0.8651732	total: 12.6s	remaining: 523ms
96:	learn: 0.8642521	total: 12.7s	remaining: 392ms
97:	learn: 0.8633677	total: 12.8s	remaining: 262ms
98:	learn: 0.8624667	total: 12.9s	remaining: 131ms
99:	learn: 0.8615868	total: 13.1s	remaining: 0us
Running Randomized Search for XT...
0:	learn: 1.0931215	total: 772ms	remaining: 1m 16s
1:	learn: 1.0877670	total: 1.39s	remaining: 1m 8s
2:	learn: 1.0824877	total: 1.96s	remaining: 1m 3s
3:	learn: 1.0773484	total: 2.52s	remaining: 1m
4:	learn: 1.0723578	total: 3.03s	remaining: 57.6s
5:	learn: 1.0674547	total: 3.65s	remaining: 57.1s
6:	learn: 1.0626586	total: 4.18s	remaining: 55.5s
7:	learn: 1.0579817	total: 4.76s	remaining: 54.7s
8:	learn: 1.0534215	total: 5.35s	remaining: 54.1s
9:	learn: 1.0489769	total: 5.89s	remaining: 53.1s
10:	learn: 1.0446171	total: 6.45s	remaining: 52.2s
11:	learn: 1.0403466	total: 7.02s	remaining: 51.5s
12:	learn: 1.0361692	total: 7.57s	remaining: 50.7s
13:	learn: 1.0320883	total: 8.1s	remaining: 49.8s
14:	learn: 1.0280738	total: 8.61s	remaining: 48.8s
15:	learn: 1.0241696	total: 9.18s	remaining: 48.2s
16:	learn: 1.0203157	total: 9.69s	remaining: 47.3s
17:	learn: 1.0165606	total: 10.3s	remaining: 46.7s
18:	learn: 1.0129049	total: 10.9s	remaining: 46.4s
19:	learn: 1.0093140	total: 11.4s	remaining: 45.7s
20:	learn: 1.0057971	total: 11.9s	remaining: 44.9s
21:	learn: 1.0023626	total: 12.5s	remaining: 44.1s
22:	learn: 0.9989749	total: 13s	remaining: 43.5s
23:	learn: 0.9956844	total: 13.6s	remaining: 43s
24:	learn: 0.9924395	total: 14.1s	remaining: 42.4s
25:	learn: 0.9892267	total: 14.7s	remaining: 41.8s
26:	learn: 0.9861160	total: 15.2s	remaining: 41.2s
27:	learn: 0.9830764	total: 15.8s	remaining: 40.5s
28:	learn: 0.9800672	total: 16.3s	remaining: 39.9s
29:	learn: 0.9771365	total: 16.9s	remaining: 39.3s
30:	learn: 0.9742358	total: 17.5s	remaining: 38.9s
31:	learn: 0.9714178	total: 18s	remaining: 38.3s
32:	learn: 0.9686303	total: 18.6s	remaining: 37.8s
33:	learn: 0.9659190	total: 19.2s	remaining: 37.2s
34:	learn: 0.9632659	total: 19.7s	remaining: 36.7s
35:	learn: 0.9606400	total: 20.3s	remaining: 36s
36:	learn: 0.9580690	total: 20.9s	remaining: 35.5s
37:	learn: 0.9555515	total: 21.5s	remaining: 35s
38:	learn: 0.9530830	total: 22.1s	remaining: 34.5s
39:	learn: 0.9506481	total: 22.6s	remaining: 33.9s
40:	learn: 0.9482676	total: 23.1s	remaining: 33.3s
41:	learn: 0.9459506	total: 23.7s	remaining: 32.7s
42:	learn: 0.9436478	total: 24.2s	remaining: 32.1s
43:	learn: 0.9413965	total: 24.8s	remaining: 31.6s
44:	learn: 0.9391774	total: 25.3s	remaining: 31s
45:	learn: 0.9370122	total: 25.9s	remaining: 30.4s
46:	learn: 0.9348610	total: 26.4s	remaining: 29.8s
47:	learn: 0.9327807	total: 27s	remaining: 29.2s
48:	learn: 0.9307057	total: 27.5s	remaining: 28.6s
49:	learn: 0.9286725	total: 28s	remaining: 28s
50:	learn: 0.9266881	total: 28.6s	remaining: 27.5s
51:	learn: 0.9247216	total: 29.1s	remaining: 26.8s
52:	learn: 0.9228128	total: 29.6s	remaining: 26.3s
53:	learn: 0.9209469	total: 30.2s	remaining: 25.7s
54:	learn: 0.9190894	total: 30.7s	remaining: 25.1s
55:	learn: 0.9172602	total: 31.3s	remaining: 24.6s
56:	learn: 0.9154845	total: 31.8s	remaining: 24s
57:	learn: 0.9137346	total: 32.4s	remaining: 23.4s
58:	learn: 0.9120263	total: 32.9s	remaining: 22.9s
59:	learn: 0.9103302	total: 33.5s	remaining: 22.3s
60:	learn: 0.9086634	total: 33.9s	remaining: 21.7s
61:	learn: 0.9070233	total: 34.5s	remaining: 21.2s
62:	learn: 0.9054071	total: 35s	remaining: 20.6s
63:	learn: 0.9038367	total: 35.6s	remaining: 20s
64:	learn: 0.9023018	total: 36s	remaining: 19.4s
65:	learn: 0.9007868	total: 36.6s	remaining: 18.9s
66:	learn: 0.8992888	total: 37.1s	remaining: 18.3s
67:	learn: 0.8978199	total: 37.7s	remaining: 17.7s
68:	learn: 0.8963902	total: 38.2s	remaining: 17.2s
69:	learn: 0.8949640	total: 38.8s	remaining: 16.6s
70:	learn: 0.8935561	total: 39.3s	remaining: 16.1s
71:	learn: 0.8921757	total: 39.9s	remaining: 15.5s
72:	learn: 0.8908311	total: 40.4s	remaining: 14.9s
73:	learn: 0.8895151	total: 40.9s	remaining: 14.4s
74:	learn: 0.8882159	total: 41.5s	remaining: 13.8s
75:	learn: 0.8869212	total: 42.1s	remaining: 13.3s
76:	learn: 0.8856478	total: 42.6s	remaining: 12.7s
77:	learn: 0.8843946	total: 43.2s	remaining: 12.2s
78:	learn: 0.8831566	total: 43.7s	remaining: 11.6s
79:	learn: 0.8819549	total: 44.2s	remaining: 11.1s
80:	learn: 0.8807614	total: 44.8s	remaining: 10.5s
81:	learn: 0.8795895	total: 45.4s	remaining: 9.96s
82:	learn: 0.8784522	total: 45.9s	remaining: 9.4s
83:	learn: 0.8773217	total: 46.5s	remaining: 8.86s
84:	learn: 0.8762143	total: 47.1s	remaining: 8.31s
85:	learn: 0.8751223	total: 47.6s	remaining: 7.75s
86:	learn: 0.8740351	total: 48.2s	remaining: 7.2s
87:	learn: 0.8729709	total: 48.7s	remaining: 6.64s
88:	learn: 0.8719506	total: 49.2s	remaining: 6.08s
89:	learn: 0.8709314	total: 49.7s	remaining: 5.53s
90:	learn: 0.8699290	total: 50.2s	remaining: 4.97s
91:	learn: 0.8689453	total: 50.8s	remaining: 4.42s
92:	learn: 0.8679890	total: 51.3s	remaining: 3.86s
93:	learn: 0.8670033	total: 51.9s	remaining: 3.31s
94:	learn: 0.8660754	total: 52.4s	remaining: 2.76s
95:	learn: 0.8651564	total: 52.7s	remaining: 2.2s
96:	learn: 0.8642492	total: 53s	remaining: 1.64s
97:	learn: 0.8633703	total: 53.3s	remaining: 1.09s
98:	learn: 0.8624685	total: 53.6s	remaining: 542ms
99:	learn: 0.8615856	total: 54s	remaining: 0us
0:	learn: 1.0930799	total: 745ms	remaining: 1m 13s
1:	learn: 1.0876727	total: 1.3s	remaining: 1m 3s
2:	learn: 1.0823972	total: 1.85s	remaining: 59.9s
3:	learn: 1.0772878	total: 2.43s	remaining: 58.2s
4:	learn: 1.0722914	total: 2.98s	remaining: 56.7s
5:	learn: 1.0674089	total: 3.52s	remaining: 55.1s
6:	learn: 1.0626131	total: 4.03s	remaining: 53.6s
7:	learn: 1.0579116	total: 4.56s	remaining: 52.4s
8:	learn: 1.0533414	total: 5.01s	remaining: 50.7s
9:	learn: 1.0489050	total: 5.55s	remaining: 49.9s
10:	learn: 1.0445460	total: 6.11s	remaining: 49.4s
11:	learn: 1.0402819	total: 6.63s	remaining: 48.6s
12:	learn: 1.0361120	total: 7.18s	remaining: 48.1s
13:	learn: 1.0320266	total: 7.72s	remaining: 47.4s
14:	learn: 1.0279934	total: 8.29s	remaining: 47s
15:	learn: 1.0240821	total: 8.84s	remaining: 46.4s
16:	learn: 1.0202261	total: 9.37s	remaining: 45.8s
17:	learn: 1.0164672	total: 9.86s	remaining: 44.9s
18:	learn: 1.0128118	total: 10.4s	remaining: 44.2s
19:	learn: 1.0092054	total: 10.9s	remaining: 43.6s
20:	learn: 1.0056740	total: 11.4s	remaining: 43s
21:	learn: 1.0022031	total: 12s	remaining: 42.4s
22:	learn: 0.9988169	total: 12.5s	remaining: 41.9s
23:	learn: 0.9954991	total: 13.1s	remaining: 41.4s
24:	learn: 0.9922336	total: 13.6s	remaining: 40.8s
25:	learn: 0.9890555	total: 14.1s	remaining: 40.2s
26:	learn: 0.9859567	total: 14.7s	remaining: 39.7s
27:	learn: 0.9829084	total: 15.2s	remaining: 39.1s
28:	learn: 0.9798894	total: 15.7s	remaining: 38.5s
29:	learn: 0.9769572	total: 16.3s	remaining: 38s
30:	learn: 0.9740621	total: 16.8s	remaining: 37.5s
31:	learn: 0.9712476	total: 17.4s	remaining: 36.9s
32:	learn: 0.9684787	total: 17.9s	remaining: 36.4s
33:	learn: 0.9657617	total: 18.5s	remaining: 35.9s
34:	learn: 0.9631020	total: 19s	remaining: 35.2s
35:	learn: 0.9604818	total: 19.5s	remaining: 34.7s
36:	learn: 0.9579081	total: 20.1s	remaining: 34.2s
37:	learn: 0.9553959	total: 20.6s	remaining: 33.7s
38:	learn: 0.9529098	total: 21.2s	remaining: 33.2s
39:	learn: 0.9504758	total: 21.8s	remaining: 32.7s
40:	learn: 0.9481096	total: 22.3s	remaining: 32.1s
41:	learn: 0.9457870	total: 22.9s	remaining: 31.6s
42:	learn: 0.9434789	total: 23.4s	remaining: 31s
43:	learn: 0.9412308	total: 24s	remaining: 30.6s
44:	learn: 0.9390128	total: 24.6s	remaining: 30s
45:	learn: 0.9368539	total: 25.2s	remaining: 29.5s
46:	learn: 0.9347127	total: 25.7s	remaining: 29s
47:	learn: 0.9326249	total: 26.2s	remaining: 28.4s
48:	learn: 0.9305473	total: 26.8s	remaining: 27.9s
49:	learn: 0.9285295	total: 27.3s	remaining: 27.3s
50:	learn: 0.9265388	total: 27.9s	remaining: 26.8s
51:	learn: 0.9245816	total: 28.4s	remaining: 26.2s
52:	learn: 0.9226385	total: 28.9s	remaining: 25.7s
53:	learn: 0.9207520	total: 29.5s	remaining: 25.1s
54:	learn: 0.9188993	total: 30.1s	remaining: 24.6s
55:	learn: 0.9170792	total: 30.7s	remaining: 24.1s
56:	learn: 0.9152948	total: 31.2s	remaining: 23.6s
57:	learn: 0.9135470	total: 31.8s	remaining: 23s
58:	learn: 0.9118382	total: 32.3s	remaining: 22.4s
59:	learn: 0.9101375	total: 32.9s	remaining: 21.9s
60:	learn: 0.9084732	total: 33.4s	remaining: 21.4s
61:	learn: 0.9068268	total: 34s	remaining: 20.8s
62:	learn: 0.9052265	total: 34.5s	remaining: 20.3s
63:	learn: 0.9036483	total: 35s	remaining: 19.7s
64:	learn: 0.9021145	total: 35.6s	remaining: 19.2s
65:	learn: 0.9005953	total: 36.1s	remaining: 18.6s
66:	learn: 0.8990981	total: 36.7s	remaining: 18.1s
67:	learn: 0.8976174	total: 37.2s	remaining: 17.5s
68:	learn: 0.8961818	total: 37.8s	remaining: 17s
69:	learn: 0.8947680	total: 38.3s	remaining: 16.4s
70:	learn: 0.8933565	total: 38.8s	remaining: 15.9s
71:	learn: 0.8919684	total: 39.4s	remaining: 15.3s
72:	learn: 0.8906203	total: 40s	remaining: 14.8s
73:	learn: 0.8892942	total: 40.6s	remaining: 14.3s
74:	learn: 0.8879897	total: 41.1s	remaining: 13.7s
75:	learn: 0.8867035	total: 41.7s	remaining: 13.2s
76:	learn: 0.8854376	total: 42.3s	remaining: 12.6s
77:	learn: 0.8841809	total: 42.8s	remaining: 12.1s
78:	learn: 0.8829561	total: 43.4s	remaining: 11.5s
79:	learn: 0.8817497	total: 44s	remaining: 11s
80:	learn: 0.8805617	total: 44.5s	remaining: 10.4s
81:	learn: 0.8793929	total: 45.1s	remaining: 9.9s
82:	learn: 0.8782504	total: 45.6s	remaining: 9.35s
83:	learn: 0.8771200	total: 46.2s	remaining: 8.8s
84:	learn: 0.8760036	total: 46.7s	remaining: 8.25s
85:	learn: 0.8749166	total: 47.2s	remaining: 7.69s
86:	learn: 0.8738398	total: 47.7s	remaining: 7.13s
87:	learn: 0.8727788	total: 48.3s	remaining: 6.59s
88:	learn: 0.8717467	total: 48.8s	remaining: 6.03s
89:	learn: 0.8707367	total: 49.4s	remaining: 5.49s
90:	learn: 0.8697318	total: 49.9s	remaining: 4.94s
91:	learn: 0.8687470	total: 50.5s	remaining: 4.39s
92:	learn: 0.8677720	total: 51s	remaining: 3.84s
93:	learn: 0.8668064	total: 51.6s	remaining: 3.29s
94:	learn: 0.8658530	total: 52.1s	remaining: 2.74s
95:	learn: 0.8649262	total: 52.4s	remaining: 2.19s
96:	learn: 0.8640186	total: 52.7s	remaining: 1.63s
97:	learn: 0.8631220	total: 53s	remaining: 1.08s
98:	learn: 0.8622370	total: 53.3s	remaining: 539ms
99:	learn: 0.8613667	total: 53.6s	remaining: 0us
0:	learn: 1.0930795	total: 774ms	remaining: 1m 16s
1:	learn: 1.0877233	total: 1.33s	remaining: 1m 5s
2:	learn: 1.0824447	total: 1.89s	remaining: 1m 1s
3:	learn: 1.0773064	total: 2.53s	remaining: 1m
4:	learn: 1.0723164	total: 3.08s	remaining: 58.5s
5:	learn: 1.0674416	total: 3.62s	remaining: 56.6s
6:	learn: 1.0626424	total: 4.15s	remaining: 55.2s
7:	learn: 1.0579310	total: 4.72s	remaining: 54.3s
8:	learn: 1.0533595	total: 5.25s	remaining: 53.1s
9:	learn: 1.0489027	total: 5.79s	remaining: 52.1s
10:	learn: 1.0445253	total: 6.38s	remaining: 51.7s
11:	learn: 1.0402639	total: 6.97s	remaining: 51.1s
12:	learn: 1.0360933	total: 7.52s	remaining: 50.3s
13:	learn: 1.0320078	total: 8.03s	remaining: 49.3s
14:	learn: 1.0279756	total: 8.6s	remaining: 48.8s
15:	learn: 1.0240754	total: 9.12s	remaining: 47.9s
16:	learn: 1.0202082	total: 9.71s	remaining: 47.4s
17:	learn: 1.0164708	total: 10.2s	remaining: 46.6s
18:	learn: 1.0128113	total: 10.8s	remaining: 46.1s
19:	learn: 1.0092272	total: 11.4s	remaining: 45.4s
20:	learn: 1.0056997	total: 11.9s	remaining: 44.9s
21:	learn: 1.0022434	total: 12.5s	remaining: 44.4s
22:	learn: 0.9988559	total: 13s	remaining: 43.6s
23:	learn: 0.9955393	total: 13.6s	remaining: 43.1s
24:	learn: 0.9922694	total: 14.2s	remaining: 42.5s
25:	learn: 0.9890905	total: 14.8s	remaining: 42s
26:	learn: 0.9859872	total: 15.3s	remaining: 41.4s
27:	learn: 0.9829382	total: 15.8s	remaining: 40.7s
28:	learn: 0.9799209	total: 16.4s	remaining: 40.1s
29:	learn: 0.9770014	total: 16.9s	remaining: 39.5s
30:	learn: 0.9741075	total: 17.5s	remaining: 38.9s
31:	learn: 0.9713017	total: 18.1s	remaining: 38.4s
32:	learn: 0.9685326	total: 18.6s	remaining: 37.8s
33:	learn: 0.9658122	total: 19.1s	remaining: 37.2s
34:	learn: 0.9631541	total: 19.7s	remaining: 36.6s
35:	learn: 0.9605418	total: 20.3s	remaining: 36s
36:	learn: 0.9579936	total: 20.9s	remaining: 35.5s
37:	learn: 0.9554777	total: 21.4s	remaining: 34.9s
38:	learn: 0.9529873	total: 22s	remaining: 34.4s
39:	learn: 0.9505539	total: 22.5s	remaining: 33.8s
40:	learn: 0.9481813	total: 23.1s	remaining: 33.2s
41:	learn: 0.9458689	total: 23.6s	remaining: 32.6s
42:	learn: 0.9435631	total: 24.2s	remaining: 32.1s
43:	learn: 0.9413183	total: 24.8s	remaining: 31.5s
44:	learn: 0.9391041	total: 25.3s	remaining: 30.9s
45:	learn: 0.9369459	total: 25.8s	remaining: 30.3s
46:	learn: 0.9348102	total: 26.4s	remaining: 29.8s
47:	learn: 0.9327237	total: 26.9s	remaining: 29.1s
48:	learn: 0.9306446	total: 27.4s	remaining: 28.5s
49:	learn: 0.9286083	total: 28s	remaining: 28s
50:	learn: 0.9266067	total: 28.5s	remaining: 27.4s
51:	learn: 0.9246373	total: 29.1s	remaining: 26.9s
52:	learn: 0.9226921	total: 29.6s	remaining: 26.3s
53:	learn: 0.9208002	total: 30.2s	remaining: 25.7s
54:	learn: 0.9189393	total: 30.8s	remaining: 25.2s
55:	learn: 0.9171019	total: 31.3s	remaining: 24.6s
56:	learn: 0.9153190	total: 31.9s	remaining: 24s
57:	learn: 0.9135796	total: 32.5s	remaining: 23.5s
58:	learn: 0.9118781	total: 33.1s	remaining: 23s
59:	learn: 0.9101884	total: 33.6s	remaining: 22.4s
60:	learn: 0.9085335	total: 34.1s	remaining: 21.8s
61:	learn: 0.9068898	total: 34.6s	remaining: 21.2s
62:	learn: 0.9052923	total: 35.2s	remaining: 20.7s
63:	learn: 0.9037217	total: 35.7s	remaining: 20.1s
64:	learn: 0.9021901	total: 36.3s	remaining: 19.5s
65:	learn: 0.9006800	total: 36.8s	remaining: 19s
66:	learn: 0.8991779	total: 37.4s	remaining: 18.4s
67:	learn: 0.8977017	total: 38s	remaining: 17.9s
68:	learn: 0.8962360	total: 38.5s	remaining: 17.3s
69:	learn: 0.8948070	total: 39.1s	remaining: 16.8s
70:	learn: 0.8933938	total: 39.6s	remaining: 16.2s
71:	learn: 0.8920117	total: 40.1s	remaining: 15.6s
72:	learn: 0.8906515	total: 40.7s	remaining: 15.1s
73:	learn: 0.8893223	total: 41.3s	remaining: 14.5s
74:	learn: 0.8880188	total: 41.8s	remaining: 13.9s
75:	learn: 0.8867430	total: 42.4s	remaining: 13.4s
76:	learn: 0.8854599	total: 43s	remaining: 12.8s
77:	learn: 0.8842140	total: 43.5s	remaining: 12.3s
78:	learn: 0.8829819	total: 44.1s	remaining: 11.7s
79:	learn: 0.8817797	total: 44.6s	remaining: 11.1s
80:	learn: 0.8805892	total: 45.1s	remaining: 10.6s
81:	learn: 0.8794142	total: 45.7s	remaining: 10s
82:	learn: 0.8782745	total: 46.3s	remaining: 9.48s
83:	learn: 0.8771456	total: 46.8s	remaining: 8.92s
84:	learn: 0.8760209	total: 47.4s	remaining: 8.36s
85:	learn: 0.8749316	total: 47.9s	remaining: 7.8s
86:	learn: 0.8738625	total: 48.5s	remaining: 7.24s
87:	learn: 0.8728039	total: 49s	remaining: 6.68s
88:	learn: 0.8717845	total: 49.6s	remaining: 6.13s
89:	learn: 0.8707731	total: 50.1s	remaining: 5.57s
90:	learn: 0.8697742	total: 50.7s	remaining: 5.01s
91:	learn: 0.8687918	total: 51.2s	remaining: 4.46s
92:	learn: 0.8678096	total: 51.8s	remaining: 3.9s
93:	learn: 0.8668491	total: 52.3s	remaining: 3.34s
94:	learn: 0.8659052	total: 52.7s	remaining: 2.77s
95:	learn: 0.8649801	total: 53s	remaining: 2.21s
96:	learn: 0.8640711	total: 53.4s	remaining: 1.65s
97:	learn: 0.8631886	total: 53.7s	remaining: 1.09s
98:	learn: 0.8623010	total: 54s	remaining: 545ms
99:	learn: 0.8614319	total: 54.2s	remaining: 0us
0:	learn: 1.0931202	total: 774ms	remaining: 1m 16s
1:	learn: 1.0877674	total: 1.35s	remaining: 1m 5s
2:	learn: 1.0825061	total: 1.89s	remaining: 1m 1s
3:	learn: 1.0773664	total: 2.52s	remaining: 1m
4:	learn: 1.0723750	total: 3.07s	remaining: 58.3s
5:	learn: 1.0674939	total: 3.6s	remaining: 56.4s
6:	learn: 1.0627243	total: 4.18s	remaining: 55.5s
7:	learn: 1.0580176	total: 4.69s	remaining: 54s
8:	learn: 1.0534858	total: 5.27s	remaining: 53.3s
9:	learn: 1.0490299	total: 5.83s	remaining: 52.5s
10:	learn: 1.0446572	total: 6.35s	remaining: 51.4s
11:	learn: 1.0404282	total: 6.9s	remaining: 50.6s
12:	learn: 1.0362545	total: 7.43s	remaining: 49.8s
13:	learn: 1.0321673	total: 7.98s	remaining: 49s
14:	learn: 1.0281374	total: 8.56s	remaining: 48.5s
15:	learn: 1.0242301	total: 9.14s	remaining: 48s
16:	learn: 1.0203820	total: 9.63s	remaining: 47s
17:	learn: 1.0166270	total: 10.2s	remaining: 46.5s
18:	learn: 1.0129765	total: 10.7s	remaining: 45.8s
19:	learn: 1.0093984	total: 11.3s	remaining: 45.1s
20:	learn: 1.0058687	total: 11.8s	remaining: 44.3s
21:	learn: 1.0024218	total: 12.4s	remaining: 43.8s
22:	learn: 0.9990507	total: 12.9s	remaining: 43.2s
23:	learn: 0.9957329	total: 13.5s	remaining: 42.6s
24:	learn: 0.9924735	total: 14s	remaining: 42s
25:	learn: 0.9892877	total: 14.5s	remaining: 41.4s
26:	learn: 0.9861882	total: 15.1s	remaining: 40.8s
27:	learn: 0.9831440	total: 15.6s	remaining: 40.2s
28:	learn: 0.9801271	total: 16.2s	remaining: 39.7s
29:	learn: 0.9772148	total: 16.8s	remaining: 39.1s
30:	learn: 0.9743217	total: 17.3s	remaining: 38.6s
31:	learn: 0.9715142	total: 17.9s	remaining: 38.1s
32:	learn: 0.9687404	total: 18.5s	remaining: 37.5s
33:	learn: 0.9660225	total: 19s	remaining: 36.9s
34:	learn: 0.9633695	total: 19.6s	remaining: 36.4s
35:	learn: 0.9607512	total: 20.2s	remaining: 35.8s
36:	learn: 0.9581818	total: 20.7s	remaining: 35.3s
37:	learn: 0.9556697	total: 21.3s	remaining: 34.7s
38:	learn: 0.9531925	total: 21.8s	remaining: 34.1s
39:	learn: 0.9507599	total: 22.4s	remaining: 33.6s
40:	learn: 0.9483981	total: 23s	remaining: 33s
41:	learn: 0.9460779	total: 23.5s	remaining: 32.5s
42:	learn: 0.9437596	total: 24.1s	remaining: 32s
43:	learn: 0.9415111	total: 24.7s	remaining: 31.4s
44:	learn: 0.9392983	total: 25.2s	remaining: 30.8s
45:	learn: 0.9371438	total: 25.8s	remaining: 30.3s
46:	learn: 0.9350134	total: 26.3s	remaining: 29.7s
47:	learn: 0.9329284	total: 26.9s	remaining: 29.2s
48:	learn: 0.9308539	total: 27.4s	remaining: 28.6s
49:	learn: 0.9288312	total: 28s	remaining: 28s
50:	learn: 0.9268327	total: 28.6s	remaining: 27.4s
51:	learn: 0.9248923	total: 29.1s	remaining: 26.9s
52:	learn: 0.9229721	total: 29.6s	remaining: 26.3s
53:	learn: 0.9210800	total: 30.2s	remaining: 25.7s
54:	learn: 0.9192265	total: 30.8s	remaining: 25.2s
55:	learn: 0.9174077	total: 31.3s	remaining: 24.6s
56:	learn: 0.9156289	total: 31.9s	remaining: 24s
57:	learn: 0.9138908	total: 32.4s	remaining: 23.5s
58:	learn: 0.9121899	total: 33s	remaining: 22.9s
59:	learn: 0.9104818	total: 33.5s	remaining: 22.4s
60:	learn: 0.9088297	total: 34.1s	remaining: 21.8s
61:	learn: 0.9071841	total: 34.6s	remaining: 21.2s
62:	learn: 0.9055733	total: 35.1s	remaining: 20.6s
63:	learn: 0.9039930	total: 35.7s	remaining: 20.1s
64:	learn: 0.9024528	total: 36.2s	remaining: 19.5s
65:	learn: 0.9009347	total: 36.8s	remaining: 18.9s
66:	learn: 0.8994161	total: 37.3s	remaining: 18.4s
67:	learn: 0.8979435	total: 37.8s	remaining: 17.8s
68:	learn: 0.8964945	total: 38.4s	remaining: 17.2s
69:	learn: 0.8950719	total: 38.9s	remaining: 16.7s
70:	learn: 0.8936660	total: 39.4s	remaining: 16.1s
71:	learn: 0.8922765	total: 40s	remaining: 15.5s
72:	learn: 0.8909212	total: 40.5s	remaining: 15s
73:	learn: 0.8896051	total: 41.1s	remaining: 14.4s
74:	learn: 0.8883106	total: 41.6s	remaining: 13.9s
75:	learn: 0.8870185	total: 42.2s	remaining: 13.3s
76:	learn: 0.8857332	total: 42.7s	remaining: 12.8s
77:	learn: 0.8844872	total: 43.3s	remaining: 12.2s
78:	learn: 0.8832623	total: 43.8s	remaining: 11.7s
79:	learn: 0.8820587	total: 44.4s	remaining: 11.1s
80:	learn: 0.8808740	total: 44.9s	remaining: 10.5s
81:	learn: 0.8796984	total: 45.5s	remaining: 9.99s
82:	learn: 0.8785577	total: 46s	remaining: 9.43s
83:	learn: 0.8774278	total: 46.6s	remaining: 8.87s
84:	learn: 0.8763126	total: 47.1s	remaining: 8.31s
85:	learn: 0.8752278	total: 47.6s	remaining: 7.75s
86:	learn: 0.8741625	total: 48.2s	remaining: 7.2s
87:	learn: 0.8731038	total: 48.8s	remaining: 6.65s
88:	learn: 0.8720684	total: 49.3s	remaining: 6.09s
89:	learn: 0.8710680	total: 49.8s	remaining: 5.54s
90:	learn: 0.8700642	total: 50.5s	remaining: 4.99s
91:	learn: 0.8690755	total: 51s	remaining: 4.43s
92:	learn: 0.8681025	total: 51.6s	remaining: 3.88s
93:	learn: 0.8671391	total: 52.2s	remaining: 3.33s
94:	learn: 0.8661887	total: 52.6s	remaining: 2.77s
95:	learn: 0.8652776	total: 52.9s	remaining: 2.21s
96:	learn: 0.8643698	total: 53.2s	remaining: 1.65s
97:	learn: 0.8634890	total: 53.5s	remaining: 1.09s
98:	learn: 0.8625836	total: 53.9s	remaining: 544ms
99:	learn: 0.8617143	total: 54.1s	remaining: 0us
0:	learn: 1.0931088	total: 785ms	remaining: 1m 17s
1:	learn: 1.0877549	total: 1.36s	remaining: 1m 6s
2:	learn: 1.0824842	total: 2s	remaining: 1m 4s
3:	learn: 1.0773544	total: 2.55s	remaining: 1m 1s
4:	learn: 1.0723642	total: 3.13s	remaining: 59.5s
5:	learn: 1.0674645	total: 3.67s	remaining: 57.5s
6:	learn: 1.0626891	total: 4.27s	remaining: 56.7s
7:	learn: 1.0579814	total: 4.75s	remaining: 54.7s
8:	learn: 1.0534237	total: 5.37s	remaining: 54.3s
9:	learn: 1.0489526	total: 5.89s	remaining: 53s
10:	learn: 1.0445744	total: 6.49s	remaining: 52.5s
11:	learn: 1.0402897	total: 7.05s	remaining: 51.7s
12:	learn: 1.0361100	total: 7.57s	remaining: 50.6s
13:	learn: 1.0320292	total: 8.1s	remaining: 49.8s
14:	learn: 1.0279877	total: 8.61s	remaining: 48.8s
15:	learn: 1.0240760	total: 9.16s	remaining: 48.1s
16:	learn: 1.0202254	total: 9.72s	remaining: 47.5s
17:	learn: 1.0164620	total: 10.2s	remaining: 46.5s
18:	learn: 1.0127882	total: 10.7s	remaining: 45.8s
19:	learn: 1.0092032	total: 11.3s	remaining: 45s
20:	learn: 1.0056954	total: 11.8s	remaining: 44.4s
21:	learn: 1.0022436	total: 12.3s	remaining: 43.7s
22:	learn: 0.9988741	total: 12.9s	remaining: 43.1s
23:	learn: 0.9955403	total: 13.4s	remaining: 42.3s
24:	learn: 0.9922766	total: 13.9s	remaining: 41.7s
25:	learn: 0.9890982	total: 14.5s	remaining: 41.2s
26:	learn: 0.9859892	total: 15s	remaining: 40.5s
27:	learn: 0.9829418	total: 15.5s	remaining: 39.9s
28:	learn: 0.9799267	total: 16.1s	remaining: 39.4s
29:	learn: 0.9770037	total: 16.7s	remaining: 38.9s
30:	learn: 0.9741162	total: 17.3s	remaining: 38.4s
31:	learn: 0.9713158	total: 17.8s	remaining: 37.9s
32:	learn: 0.9685430	total: 18.4s	remaining: 37.3s
33:	learn: 0.9658316	total: 18.9s	remaining: 36.7s
34:	learn: 0.9631780	total: 19.5s	remaining: 36.2s
35:	learn: 0.9605549	total: 20.1s	remaining: 35.7s
36:	learn: 0.9580103	total: 20.6s	remaining: 35.1s
37:	learn: 0.9555046	total: 21.2s	remaining: 34.6s
38:	learn: 0.9530094	total: 21.7s	remaining: 34s
39:	learn: 0.9505775	total: 22.3s	remaining: 33.5s
40:	learn: 0.9481906	total: 22.8s	remaining: 32.9s
41:	learn: 0.9458637	total: 23.4s	remaining: 32.3s
42:	learn: 0.9435558	total: 24s	remaining: 31.8s
43:	learn: 0.9412899	total: 24.5s	remaining: 31.2s
44:	learn: 0.9390789	total: 25.1s	remaining: 30.7s
45:	learn: 0.9369274	total: 25.7s	remaining: 30.1s
46:	learn: 0.9347976	total: 26.3s	remaining: 29.6s
47:	learn: 0.9327052	total: 26.8s	remaining: 29.1s
48:	learn: 0.9306321	total: 27.3s	remaining: 28.4s
49:	learn: 0.9286107	total: 27.8s	remaining: 27.8s
50:	learn: 0.9266206	total: 28.4s	remaining: 27.3s
51:	learn: 0.9246642	total: 29s	remaining: 26.7s
52:	learn: 0.9227235	total: 29.5s	remaining: 26.2s
53:	learn: 0.9208383	total: 30s	remaining: 25.6s
54:	learn: 0.9189882	total: 30.5s	remaining: 25s
55:	learn: 0.9171766	total: 31.1s	remaining: 24.4s
56:	learn: 0.9154005	total: 31.6s	remaining: 23.9s
57:	learn: 0.9136586	total: 32.1s	remaining: 23.3s
58:	learn: 0.9119229	total: 32.7s	remaining: 22.7s
59:	learn: 0.9102357	total: 33.3s	remaining: 22.2s
60:	learn: 0.9085643	total: 33.8s	remaining: 21.6s
61:	learn: 0.9069236	total: 34.4s	remaining: 21.1s
62:	learn: 0.9053125	total: 34.9s	remaining: 20.5s
63:	learn: 0.9037436	total: 35.5s	remaining: 20s
64:	learn: 0.9022180	total: 36.1s	remaining: 19.4s
65:	learn: 0.9007092	total: 36.6s	remaining: 18.9s
66:	learn: 0.8992054	total: 37.2s	remaining: 18.3s
67:	learn: 0.8977251	total: 37.7s	remaining: 17.7s
68:	learn: 0.8962857	total: 38.3s	remaining: 17.2s
69:	learn: 0.8948680	total: 38.8s	remaining: 16.6s
70:	learn: 0.8934647	total: 39.3s	remaining: 16.1s
71:	learn: 0.8920804	total: 39.9s	remaining: 15.5s
72:	learn: 0.8907239	total: 40.4s	remaining: 15s
73:	learn: 0.8893964	total: 41s	remaining: 14.4s
74:	learn: 0.8881023	total: 41.5s	remaining: 13.8s
75:	learn: 0.8868082	total: 42.1s	remaining: 13.3s
76:	learn: 0.8855340	total: 42.7s	remaining: 12.7s
77:	learn: 0.8842895	total: 43.2s	remaining: 12.2s
78:	learn: 0.8830547	total: 43.7s	remaining: 11.6s
79:	learn: 0.8818464	total: 44.3s	remaining: 11.1s
80:	learn: 0.8806526	total: 44.8s	remaining: 10.5s
81:	learn: 0.8794837	total: 45.3s	remaining: 9.95s
82:	learn: 0.8783373	total: 45.9s	remaining: 9.4s
83:	learn: 0.8772176	total: 46.5s	remaining: 8.85s
84:	learn: 0.8760952	total: 47s	remaining: 8.29s
85:	learn: 0.8749944	total: 47.5s	remaining: 7.73s
86:	learn: 0.8739254	total: 48s	remaining: 7.18s
87:	learn: 0.8728664	total: 48.6s	remaining: 6.63s
88:	learn: 0.8718401	total: 49.2s	remaining: 6.08s
89:	learn: 0.8708347	total: 49.7s	remaining: 5.52s
90:	learn: 0.8698366	total: 50.3s	remaining: 4.97s
91:	learn: 0.8688505	total: 50.9s	remaining: 4.42s
92:	learn: 0.8678738	total: 51.4s	remaining: 3.87s
93:	learn: 0.8668897	total: 51.8s	remaining: 3.31s
94:	learn: 0.8659474	total: 52.2s	remaining: 2.75s
95:	learn: 0.8650210	total: 52.5s	remaining: 2.19s
96:	learn: 0.8641092	total: 52.8s	remaining: 1.63s
97:	learn: 0.8632280	total: 53.1s	remaining: 1.08s
98:	learn: 0.8623315	total: 53.5s	remaining: 540ms
99:	learn: 0.8614684	total: 53.6s	remaining: 0us
Best Classifier: XT
Best Fold: 6
Best Score: 0.9972931086502611
Best Hyperparameters: {'n_estimators': 100, 'max_depth': None}
Accuracy on Test Data: 0.9984456243638065
